PWD=/mnt/c/Users/atone/Desktop/github-repos/dotfile-configs
DESKTOP=/mnt/c/Users/atone/Desktop/github-repos/dotfile-configs
REPOS=/home/mrmachine3/Desktop/github-repos
OLDPWD=/mnt/c/Users/atone/Desktop/github-repos/DPU_CYBERSEC
DOWNLOADS=/mnt/c/Users/atone/Desktop/github-repos/dotfile-configs
PWD=/mnt/c/Users/atone/Desktop/github-repos/dotfile-configs
DESKTOP=/mnt/c/Users/atone/Desktop/github-repos/dotfile-configs
REPOS=/mnt/c/Users/atone/Desktop/github-repos/dotfile-configs
DOWNLOADS=/mnt/c/Users/atone/Desktop/github-repos/dotfile-configs
OLDPWD=/mnt/c/Users/atone/Desktop/github-repos/DPU_CYBERSEC
PWD=/mnt/c/Users/atone/Desktop/github-repos/dotfile-configs
DESKTOP=/mnt/c/Users/atone/Desktop/github-repos/dotfile-configs
REPOS=$HOME/Desktop/github-repos
OLDPWD=/mnt/c/Users/atone/Desktop/github-repos/DPU_CYBERSEC
DOWNLOADS=/mnt/c/Users/atone/Desktop/github-repos/dotfile-configs
PWD=/mnt/c/Users/atone/Desktop/github-repos/dotfile-configs
DESKTOP=/mnt/c/Users/atone/Desktop/github-repos/dotfile-configs
REPOS=/mnt/c/Users/atone/Desktop/github-repos/dotfile-configs
DOWNLOADS=/mnt/c/Users/atone/Desktop/github-repos/dotfile-configs
OLDPWD=/mnt/c/Users/atone/Desktop/github-repos/DPU_CYBERSEC
PWD=/mnt/c/Users/atone/Desktop/github-repos/dotfile-configs
DESKTOP=/mnt/c/Users/atone/Desktop/github-repos/dotfile-configs
REPOS=/home/mrmachine3/Desktop/github-repos
OLDPWD=/mnt/c/Users/atone/Desktop/github-repos/DPU_CYBERSEC
DOWNLOADS=/mnt/c/Users/atone/Desktop/github-repos/dotfile-configs
PWD=/mnt/c/Users/atone/Desktop/github-repos/dotfile-configs
DESKTOP=/mnt/c/Users/atone/Desktop/github-repos/dotfile-configs
REPOS=/mnt/c/Users/atone/Desktop/github-repos/dotfile-configs
DOWNLOADS=/mnt/c/Users/atone/Desktop/github-repos/dotfile-configs
OLDPWD=/mnt/c/Users/atone/Desktop/github-repos/DPU_CYBERSEC
PWD=/mnt/c/Users/atone/Desktop/github-repos/dotfile-configs
DESKTOP=/mnt/c/Users/atone/Desktop/github-repos/dotfile-configs
